[debug] [2018-05-31T12:29:01.904Z] ----------------------------------------------------------------------
[debug] [2018-05-31T12:29:01.909Z] Command:       C:\Program Files\nodejs\node.exe C:\Users\Admin\AppData\Roaming\npm\node_modules\firebase-tools\bin\firebase deploy --only functions
[debug] [2018-05-31T12:29:01.910Z] CLI Version:   3.18.4
[debug] [2018-05-31T12:29:01.910Z] Platform:      win32
[debug] [2018-05-31T12:29:01.910Z] Node Version:  v8.9.1
[debug] [2018-05-31T12:29:01.913Z] Time:          Thu May 31 2018 14:29:01 GMT+0200 (Środkowoeuropejski czas letni)
[debug] [2018-05-31T12:29:01.913Z] ----------------------------------------------------------------------
[debug] 
[debug] [2018-05-31T12:29:01.938Z] > command requires scopes: ["email","openid","https://www.googleapis.com/auth/cloudplatformprojects.readonly","https://www.googleapis.com/auth/firebase","https://www.googleapis.com/auth/cloud-platform"]
[debug] [2018-05-31T12:29:01.941Z] > authorizing via signed-in user
[debug] [2018-05-31T12:29:01.949Z] >>> HTTP REQUEST GET https://admin.firebase.com/v1/projects/budgetify-b3780  
  
 Thu May 31 2018 14:29:01 GMT+0200 (Środkowoeuropejski czas letni)
[debug] [2018-05-31T12:29:02.766Z] <<< HTTP RESPONSE 200
[debug] [2018-05-31T12:29:02.768Z] >>> HTTP REQUEST GET https://admin.firebase.com/v1/database/budgetify-b3780/tokens  
  
 Thu May 31 2018 14:29:02 GMT+0200 (Środkowoeuropejski czas letni)
[debug] [2018-05-31T12:29:03.829Z] <<< HTTP RESPONSE 200
[info] 
[info] === Deploying to 'budgetify-b3780'...
[info] 
[info] i  deploying functions
[info] Running command: npm --prefix "$RESOURCE_DIR" run lint
[info] Running command: npm --prefix "$RESOURCE_DIR" run build
[info] +  functions: Finished running predeploy script.
[debug] [2018-05-31T12:29:25.480Z] > [functions] package.json contents: {
  "name": "functions",
  "scripts": {
    "lint": "tslint --project tsconfig.json",
    "build": "tsc",
    "serve": "npm run build && firebase serve --only functions",
    "shell": "npm run build && firebase functions:shell",
    "start": "npm run shell",
    "deploy": "firebase deploy --only functions",
    "logs": "firebase functions:log"
  },
  "main": "lib/index.js",
  "dependencies": {
    "firebase-admin": "~5.12.0",
    "firebase-functions": "^1.0.1"
  },
  "devDependencies": {
    "tslint": "^5.8.0",
    "typescript": "^2.5.3"
  },
  "private": true
}
[info] i  functions: ensuring necessary APIs are enabled...
[debug] [2018-05-31T12:29:25.482Z] >>> HTTP REQUEST GET https://servicemanagement.googleapis.com/v1/services/cloudfunctions.googleapis.com/projectSettings/budgetify-b3780?view=CONSUMER_VIEW  
  
 Thu May 31 2018 14:29:25 GMT+0200 (Środkowoeuropejski czas letni)
[debug] [2018-05-31T12:29:25.484Z] >>> HTTP REQUEST GET https://servicemanagement.googleapis.com/v1/services/runtimeconfig.googleapis.com/projectSettings/budgetify-b3780?view=CONSUMER_VIEW  
  
 Thu May 31 2018 14:29:25 GMT+0200 (Środkowoeuropejski czas letni)
[debug] [2018-05-31T12:29:26.749Z] <<< HTTP RESPONSE 200
[debug] [2018-05-31T12:29:26.968Z] <<< HTTP RESPONSE 200
[info] +  functions: all necessary APIs are enabled
[debug] [2018-05-31T12:29:26.971Z] >>> HTTP REQUEST GET https://cloudresourcemanager.googleapis.com/v1/projects/budgetify-b3780  
  
 Thu May 31 2018 14:29:26 GMT+0200 (Środkowoeuropejski czas letni)
[debug] [2018-05-31T12:29:27.796Z] <<< HTTP RESPONSE 200
[debug] [2018-05-31T12:29:27.798Z] >>> HTTP REQUEST GET https://mobilesdk-pa.googleapis.com/v1/projects/518923687161:getServerAppConfig  
  
 Thu May 31 2018 14:29:27 GMT+0200 (Środkowoeuropejski czas letni)
[debug] [2018-05-31T12:29:28.331Z] <<< HTTP RESPONSE 200
[info] i  functions: preparing functions directory for uploading...
[debug] [2018-05-31T12:29:28.337Z] >>> HTTP REQUEST GET https://runtimeconfig.googleapis.com/v1beta1/projects/budgetify-b3780/configs  
  
 Thu May 31 2018 14:29:28 GMT+0200 (Środkowoeuropejski czas letni)
[debug] [2018-05-31T12:29:29.525Z] <<< HTTP RESPONSE 200
[info] i  functions: packaged functions (44.8 KB) for uploading
[debug] [2018-05-31T12:29:30.160Z] >>> HTTP REQUEST POST https://cloudfunctions.googleapis.com/v1/projects/budgetify-b3780/locations/us-central1/functions:generateUploadUrl  
  
 Thu May 31 2018 14:29:30 GMT+0200 (Środkowoeuropejski czas letni)
[debug] [2018-05-31T12:30:00.336Z] <<< HTTP RESPONSE 503
[debug] [2018-05-31T12:30:00.336Z] <<< HTTP RESPONSE BODY {
  "error": {
    "code": 503,
    "message": "The service is currently unavailable.",
    "status": "UNAVAILABLE"
  }
}

[debug] [2018-05-31T12:30:00.338Z] TypeError: Cannot create property 'error' on string '{
  "error": {
    "code": 503,
    "message": "The service is currently unavailable.",
    "status": "UNAVAILABLE"
  }
}
'
    at module.exports (C:\Users\Admin\AppData\Roaming\npm\node_modules\firebase-tools\lib\responseToError.js:11:16)
    at Request._callback (C:\Users\Admin\AppData\Roaming\npm\node_modules\firebase-tools\lib\api.js:47:25)
    at Request.self.callback (C:\Users\Admin\AppData\Roaming\npm\node_modules\firebase-tools\node_modules\request\request.js:186:22)
    at emitTwo (events.js:126:13)
    at Request.emit (events.js:214:7)
    at Request.<anonymous> (C:\Users\Admin\AppData\Roaming\npm\node_modules\firebase-tools\node_modules\request\request.js:1163:10)
    at emitOne (events.js:116:13)
    at Request.emit (events.js:211:7)
    at IncomingMessage.<anonymous> (C:\Users\Admin\AppData\Roaming\npm\node_modules\firebase-tools\node_modules\request\request.js:1085:12)
    at Object.onceWrapper (events.js:313:30)
[error] 
[error] Error: An unexpected error has occurred.
